{"level":"info","message":"2 plugins loaded: we-core,project","timestamp":"2015-06-17T04:13:56.730Z"}
{"controller":"activity","action":"find","model":"activity","permission":"find_activity","path":"get /activity","pluginPath":"/home/a/projetos/libs/3_we/we-core","level":"warn","message":"we.router.bindRoute: Unknow controller or action: /activity","timestamp":"2015-06-17T04:13:57.476Z"}
{"controller":"activity","action":"findOne","model":"activity","permission":"find_activity","path":"get /activity/:id([0-9]+)","pluginPath":"/home/a/projetos/libs/3_we/we-core","level":"warn","message":"we.router.bindRoute: Unknow controller or action: /activity/:id([0-9]+)","timestamp":"2015-06-17T04:13:57.477Z"}
{"controller":"activity","action":"findGroupActivity","model":"activity","responseType":"json","permission":"find_activity","path":"get /group/:groupId([0-9]+)/activity","pluginPath":"/home/a/projetos/libs/3_we/we-core","level":"warn","message":"we.router.bindRoute: Unknow controller or action: /group/:groupId([0-9]+)/activity","timestamp":"2015-06-17T04:13:57.477Z"}
{"controller":"avatar","action":"changeAvatar","model":"user","loadRecord":true,"permission":"update_user","path":"post /api/v1/user/:id([0-9]+)/avatar","pluginPath":"/home/a/projetos/libs/3_we/we-core","level":"warn","message":"we.router.bindRoute: Unknow controller or action: /api/v1/user/:id([0-9]+)/avatar","timestamp":"2015-06-17T04:13:57.479Z"}
{"controller":"avatar","action":"getAvatar","permission":"find_user","path":"get /avatar/:id([0-9]+)","pluginPath":"/home/a/projetos/libs/3_we/we-core","level":"warn","message":"we.router.bindRoute: Unknow controller or action: /avatar/:id([0-9]+)","timestamp":"2015-06-17T04:13:57.481Z"}
{"level":"info","message":"Listening on port 9800","timestamp":"2015-06-17T04:13:57.490Z"}
{"level":"info","message":"2 plugins loaded: we-core,project","timestamp":"2015-06-17T04:14:17.380Z"}
{"controller":"activity","action":"find","model":"activity","permission":"find_activity","path":"get /activity","pluginPath":"/home/a/projetos/libs/3_we/we-core","level":"warn","message":"we.router.bindRoute: Unknow controller or action: /activity","timestamp":"2015-06-17T04:14:18.135Z"}
{"controller":"activity","action":"findOne","model":"activity","permission":"find_activity","path":"get /activity/:id([0-9]+)","pluginPath":"/home/a/projetos/libs/3_we/we-core","level":"warn","message":"we.router.bindRoute: Unknow controller or action: /activity/:id([0-9]+)","timestamp":"2015-06-17T04:14:18.136Z"}
{"controller":"activity","action":"findGroupActivity","model":"activity","responseType":"json","permission":"find_activity","path":"get /group/:groupId([0-9]+)/activity","pluginPath":"/home/a/projetos/libs/3_we/we-core","level":"warn","message":"we.router.bindRoute: Unknow controller or action: /group/:groupId([0-9]+)/activity","timestamp":"2015-06-17T04:14:18.136Z"}
{"controller":"avatar","action":"changeAvatar","model":"user","loadRecord":true,"permission":"update_user","path":"post /api/v1/user/:id([0-9]+)/avatar","pluginPath":"/home/a/projetos/libs/3_we/we-core","level":"warn","message":"we.router.bindRoute: Unknow controller or action: /api/v1/user/:id([0-9]+)/avatar","timestamp":"2015-06-17T04:14:18.138Z"}
{"controller":"avatar","action":"getAvatar","permission":"find_user","path":"get /avatar/:id([0-9]+)","pluginPath":"/home/a/projetos/libs/3_we/we-core","level":"warn","message":"we.router.bindRoute: Unknow controller or action: /avatar/:id([0-9]+)","timestamp":"2015-06-17T04:14:18.139Z"}
{"level":"info","message":"Listening on port 9800","timestamp":"2015-06-17T04:14:18.150Z"}
{"level":"info","message":"2 plugins loaded: we-core,project","timestamp":"2015-06-17T04:16:01.169Z"}
{"controller":"activity","action":"find","model":"activity","permission":"find_activity","path":"get /activity","pluginPath":"/home/a/projetos/libs/3_we/we-core","level":"warn","message":"we.router.bindRoute: Unknow controller or action: /activity","timestamp":"2015-06-17T04:16:01.932Z"}
{"controller":"activity","action":"findOne","model":"activity","permission":"find_activity","path":"get /activity/:id([0-9]+)","pluginPath":"/home/a/projetos/libs/3_we/we-core","level":"warn","message":"we.router.bindRoute: Unknow controller or action: /activity/:id([0-9]+)","timestamp":"2015-06-17T04:16:01.933Z"}
{"controller":"activity","action":"findGroupActivity","model":"activity","responseType":"json","permission":"find_activity","path":"get /group/:groupId([0-9]+)/activity","pluginPath":"/home/a/projetos/libs/3_we/we-core","level":"warn","message":"we.router.bindRoute: Unknow controller or action: /group/:groupId([0-9]+)/activity","timestamp":"2015-06-17T04:16:01.933Z"}
{"controller":"avatar","action":"changeAvatar","model":"user","loadRecord":true,"permission":"update_user","path":"post /api/v1/user/:id([0-9]+)/avatar","pluginPath":"/home/a/projetos/libs/3_we/we-core","level":"warn","message":"we.router.bindRoute: Unknow controller or action: /api/v1/user/:id([0-9]+)/avatar","timestamp":"2015-06-17T04:16:01.935Z"}
{"controller":"avatar","action":"getAvatar","permission":"find_user","path":"get /avatar/:id([0-9]+)","pluginPath":"/home/a/projetos/libs/3_we/we-core","level":"warn","message":"we.router.bindRoute: Unknow controller or action: /avatar/:id([0-9]+)","timestamp":"2015-06-17T04:16:01.937Z"}
{"level":"info","message":"Listening on port 9800","timestamp":"2015-06-17T04:16:01.946Z"}
{"level":"info","message":"2 plugins loaded: we-core,project","timestamp":"2015-06-17T04:17:33.356Z"}
{"controller":"activity","action":"find","model":"activity","permission":"find_activity","path":"get /activity","pluginPath":"/home/a/projetos/libs/3_we/we-core","level":"warn","message":"we.router.bindRoute: Unknow controller or action: /activity","timestamp":"2015-06-17T04:17:34.133Z"}
{"controller":"activity","action":"findOne","model":"activity","permission":"find_activity","path":"get /activity/:id([0-9]+)","pluginPath":"/home/a/projetos/libs/3_we/we-core","level":"warn","message":"we.router.bindRoute: Unknow controller or action: /activity/:id([0-9]+)","timestamp":"2015-06-17T04:17:34.134Z"}
{"controller":"activity","action":"findGroupActivity","model":"activity","responseType":"json","permission":"find_activity","path":"get /group/:groupId([0-9]+)/activity","pluginPath":"/home/a/projetos/libs/3_we/we-core","level":"warn","message":"we.router.bindRoute: Unknow controller or action: /group/:groupId([0-9]+)/activity","timestamp":"2015-06-17T04:17:34.134Z"}
{"controller":"avatar","action":"changeAvatar","model":"user","loadRecord":true,"permission":"update_user","path":"post /api/v1/user/:id([0-9]+)/avatar","pluginPath":"/home/a/projetos/libs/3_we/we-core","level":"warn","message":"we.router.bindRoute: Unknow controller or action: /api/v1/user/:id([0-9]+)/avatar","timestamp":"2015-06-17T04:17:34.136Z"}
{"controller":"avatar","action":"getAvatar","permission":"find_user","path":"get /avatar/:id([0-9]+)","pluginPath":"/home/a/projetos/libs/3_we/we-core","level":"warn","message":"we.router.bindRoute: Unknow controller or action: /avatar/:id([0-9]+)","timestamp":"2015-06-17T04:17:34.138Z"}
{"level":"info","message":"Listening on port 9800","timestamp":"2015-06-17T04:17:34.148Z"}
{"level":"info","message":"2 plugins loaded: we-core,project","timestamp":"2015-06-17T04:18:55.265Z"}
{"controller":"activity","action":"find","model":"activity","permission":"find_activity","path":"get /activity","pluginPath":"/home/a/projetos/libs/3_we/we-core","level":"warn","message":"we.router.bindRoute: Unknow controller or action: /activity","timestamp":"2015-06-17T04:18:56.032Z"}
{"controller":"activity","action":"findOne","model":"activity","permission":"find_activity","path":"get /activity/:id([0-9]+)","pluginPath":"/home/a/projetos/libs/3_we/we-core","level":"warn","message":"we.router.bindRoute: Unknow controller or action: /activity/:id([0-9]+)","timestamp":"2015-06-17T04:18:56.033Z"}
{"controller":"activity","action":"findGroupActivity","model":"activity","responseType":"json","permission":"find_activity","path":"get /group/:groupId([0-9]+)/activity","pluginPath":"/home/a/projetos/libs/3_we/we-core","level":"warn","message":"we.router.bindRoute: Unknow controller or action: /group/:groupId([0-9]+)/activity","timestamp":"2015-06-17T04:18:56.033Z"}
{"controller":"avatar","action":"changeAvatar","model":"user","loadRecord":true,"permission":"update_user","path":"post /api/v1/user/:id([0-9]+)/avatar","pluginPath":"/home/a/projetos/libs/3_we/we-core","level":"warn","message":"we.router.bindRoute: Unknow controller or action: /api/v1/user/:id([0-9]+)/avatar","timestamp":"2015-06-17T04:18:56.035Z"}
{"controller":"avatar","action":"getAvatar","permission":"find_user","path":"get /avatar/:id([0-9]+)","pluginPath":"/home/a/projetos/libs/3_we/we-core","level":"warn","message":"we.router.bindRoute: Unknow controller or action: /avatar/:id([0-9]+)","timestamp":"2015-06-17T04:18:56.037Z"}
{"level":"info","message":"Listening on port 9800","timestamp":"2015-06-17T04:18:56.045Z"}
{"level":"info","message":"2 plugins loaded: we-core,project","timestamp":"2015-06-17T04:19:08.479Z"}
{"controller":"activity","action":"find","model":"activity","permission":"find_activity","path":"get /activity","pluginPath":"/home/a/projetos/libs/3_we/we-core","level":"warn","message":"we.router.bindRoute: Unknow controller or action: /activity","timestamp":"2015-06-17T04:19:09.234Z"}
{"controller":"activity","action":"findOne","model":"activity","permission":"find_activity","path":"get /activity/:id([0-9]+)","pluginPath":"/home/a/projetos/libs/3_we/we-core","level":"warn","message":"we.router.bindRoute: Unknow controller or action: /activity/:id([0-9]+)","timestamp":"2015-06-17T04:19:09.235Z"}
{"controller":"activity","action":"findGroupActivity","model":"activity","responseType":"json","permission":"find_activity","path":"get /group/:groupId([0-9]+)/activity","pluginPath":"/home/a/projetos/libs/3_we/we-core","level":"warn","message":"we.router.bindRoute: Unknow controller or action: /group/:groupId([0-9]+)/activity","timestamp":"2015-06-17T04:19:09.235Z"}
{"controller":"avatar","action":"changeAvatar","model":"user","loadRecord":true,"permission":"update_user","path":"post /api/v1/user/:id([0-9]+)/avatar","pluginPath":"/home/a/projetos/libs/3_we/we-core","level":"warn","message":"we.router.bindRoute: Unknow controller or action: /api/v1/user/:id([0-9]+)/avatar","timestamp":"2015-06-17T04:19:09.238Z"}
{"controller":"avatar","action":"getAvatar","permission":"find_user","path":"get /avatar/:id([0-9]+)","pluginPath":"/home/a/projetos/libs/3_we/we-core","level":"warn","message":"we.router.bindRoute: Unknow controller or action: /avatar/:id([0-9]+)","timestamp":"2015-06-17T04:19:09.239Z"}
{"level":"info","message":"Listening on port 9800","timestamp":"2015-06-17T04:19:09.251Z"}
{"level":"info","message":"2 plugins loaded: we-core,project","timestamp":"2015-06-17T04:19:19.022Z"}
{"controller":"activity","action":"find","model":"activity","permission":"find_activity","path":"get /activity","pluginPath":"/home/a/projetos/libs/3_we/we-core","level":"warn","message":"we.router.bindRoute: Unknow controller or action: /activity","timestamp":"2015-06-17T04:19:19.758Z"}
{"controller":"activity","action":"findOne","model":"activity","permission":"find_activity","path":"get /activity/:id([0-9]+)","pluginPath":"/home/a/projetos/libs/3_we/we-core","level":"warn","message":"we.router.bindRoute: Unknow controller or action: /activity/:id([0-9]+)","timestamp":"2015-06-17T04:19:19.759Z"}
{"controller":"activity","action":"findGroupActivity","model":"activity","responseType":"json","permission":"find_activity","path":"get /group/:groupId([0-9]+)/activity","pluginPath":"/home/a/projetos/libs/3_we/we-core","level":"warn","message":"we.router.bindRoute: Unknow controller or action: /group/:groupId([0-9]+)/activity","timestamp":"2015-06-17T04:19:19.759Z"}
{"controller":"avatar","action":"changeAvatar","model":"user","loadRecord":true,"permission":"update_user","path":"post /api/v1/user/:id([0-9]+)/avatar","pluginPath":"/home/a/projetos/libs/3_we/we-core","level":"warn","message":"we.router.bindRoute: Unknow controller or action: /api/v1/user/:id([0-9]+)/avatar","timestamp":"2015-06-17T04:19:19.762Z"}
{"controller":"avatar","action":"getAvatar","permission":"find_user","path":"get /avatar/:id([0-9]+)","pluginPath":"/home/a/projetos/libs/3_we/we-core","level":"warn","message":"we.router.bindRoute: Unknow controller or action: /avatar/:id([0-9]+)","timestamp":"2015-06-17T04:19:19.763Z"}
{"level":"info","message":"Listening on port 9800","timestamp":"2015-06-17T04:19:19.773Z"}
{"level":"info","message":"2 plugins loaded: we-core,project","timestamp":"2015-06-17T04:20:51.402Z"}
{"controller":"activity","action":"find","model":"activity","permission":"find_activity","path":"get /activity","pluginPath":"/home/a/projetos/libs/3_we/we-core","level":"warn","message":"we.router.bindRoute: Unknow controller or action: /activity","timestamp":"2015-06-17T04:20:52.156Z"}
{"controller":"activity","action":"findOne","model":"activity","permission":"find_activity","path":"get /activity/:id([0-9]+)","pluginPath":"/home/a/projetos/libs/3_we/we-core","level":"warn","message":"we.router.bindRoute: Unknow controller or action: /activity/:id([0-9]+)","timestamp":"2015-06-17T04:20:52.156Z"}
{"controller":"activity","action":"findGroupActivity","model":"activity","responseType":"json","permission":"find_activity","path":"get /group/:groupId([0-9]+)/activity","pluginPath":"/home/a/projetos/libs/3_we/we-core","level":"warn","message":"we.router.bindRoute: Unknow controller or action: /group/:groupId([0-9]+)/activity","timestamp":"2015-06-17T04:20:52.157Z"}
{"controller":"avatar","action":"changeAvatar","model":"user","loadRecord":true,"permission":"update_user","path":"post /api/v1/user/:id([0-9]+)/avatar","pluginPath":"/home/a/projetos/libs/3_we/we-core","level":"warn","message":"we.router.bindRoute: Unknow controller or action: /api/v1/user/:id([0-9]+)/avatar","timestamp":"2015-06-17T04:20:52.159Z"}
{"controller":"avatar","action":"getAvatar","permission":"find_user","path":"get /avatar/:id([0-9]+)","pluginPath":"/home/a/projetos/libs/3_we/we-core","level":"warn","message":"we.router.bindRoute: Unknow controller or action: /avatar/:id([0-9]+)","timestamp":"2015-06-17T04:20:52.161Z"}
{"level":"info","message":"Listening on port 9800","timestamp":"2015-06-17T04:20:52.170Z"}
{"level":"error","timestamp":"2015-06-17T04:20:52.418Z"}
{"level":"warn","message":"term.on:createdResponse: Cant create the term: Entreterimento","timestamp":"2015-06-17T04:20:52.542Z"}
{"level":"error","timestamp":"2015-06-17T04:20:52.559Z"}
{"level":"info","message":"2 plugins loaded: we-core,project","timestamp":"2015-06-17T04:21:10.814Z"}
{"controller":"activity","action":"find","model":"activity","permission":"find_activity","path":"get /activity","pluginPath":"/home/a/projetos/libs/3_we/we-core","level":"warn","message":"we.router.bindRoute: Unknow controller or action: /activity","timestamp":"2015-06-17T04:21:11.592Z"}
{"controller":"activity","action":"findOne","model":"activity","permission":"find_activity","path":"get /activity/:id([0-9]+)","pluginPath":"/home/a/projetos/libs/3_we/we-core","level":"warn","message":"we.router.bindRoute: Unknow controller or action: /activity/:id([0-9]+)","timestamp":"2015-06-17T04:21:11.593Z"}
{"controller":"activity","action":"findGroupActivity","model":"activity","responseType":"json","permission":"find_activity","path":"get /group/:groupId([0-9]+)/activity","pluginPath":"/home/a/projetos/libs/3_we/we-core","level":"warn","message":"we.router.bindRoute: Unknow controller or action: /group/:groupId([0-9]+)/activity","timestamp":"2015-06-17T04:21:11.593Z"}
{"controller":"avatar","action":"changeAvatar","model":"user","loadRecord":true,"permission":"update_user","path":"post /api/v1/user/:id([0-9]+)/avatar","pluginPath":"/home/a/projetos/libs/3_we/we-core","level":"warn","message":"we.router.bindRoute: Unknow controller or action: /api/v1/user/:id([0-9]+)/avatar","timestamp":"2015-06-17T04:21:11.595Z"}
{"controller":"avatar","action":"getAvatar","permission":"find_user","path":"get /avatar/:id([0-9]+)","pluginPath":"/home/a/projetos/libs/3_we/we-core","level":"warn","message":"we.router.bindRoute: Unknow controller or action: /avatar/:id([0-9]+)","timestamp":"2015-06-17T04:21:11.597Z"}
{"level":"info","message":"Listening on port 9800","timestamp":"2015-06-17T04:21:11.606Z"}
{"level":"error","timestamp":"2015-06-17T04:21:11.784Z"}
{"level":"warn","message":"term.on:createdResponse: Cant create the term: Entreterimento","timestamp":"2015-06-17T04:21:11.905Z"}
{"level":"error","timestamp":"2015-06-17T04:21:11.921Z"}
{"level":"info","message":"2 plugins loaded: we-core,project","timestamp":"2015-06-17T04:22:21.219Z"}
{"controller":"activity","action":"find","model":"activity","permission":"find_activity","path":"get /activity","pluginPath":"/home/a/projetos/libs/3_we/we-core","level":"warn","message":"we.router.bindRoute: Unknow controller or action: /activity","timestamp":"2015-06-17T04:22:21.994Z"}
{"controller":"activity","action":"findOne","model":"activity","permission":"find_activity","path":"get /activity/:id([0-9]+)","pluginPath":"/home/a/projetos/libs/3_we/we-core","level":"warn","message":"we.router.bindRoute: Unknow controller or action: /activity/:id([0-9]+)","timestamp":"2015-06-17T04:22:21.995Z"}
{"controller":"activity","action":"findGroupActivity","model":"activity","responseType":"json","permission":"find_activity","path":"get /group/:groupId([0-9]+)/activity","pluginPath":"/home/a/projetos/libs/3_we/we-core","level":"warn","message":"we.router.bindRoute: Unknow controller or action: /group/:groupId([0-9]+)/activity","timestamp":"2015-06-17T04:22:21.995Z"}
{"controller":"avatar","action":"changeAvatar","model":"user","loadRecord":true,"permission":"update_user","path":"post /api/v1/user/:id([0-9]+)/avatar","pluginPath":"/home/a/projetos/libs/3_we/we-core","level":"warn","message":"we.router.bindRoute: Unknow controller or action: /api/v1/user/:id([0-9]+)/avatar","timestamp":"2015-06-17T04:22:21.997Z"}
{"controller":"avatar","action":"getAvatar","permission":"find_user","path":"get /avatar/:id([0-9]+)","pluginPath":"/home/a/projetos/libs/3_we/we-core","level":"warn","message":"we.router.bindRoute: Unknow controller or action: /avatar/:id([0-9]+)","timestamp":"2015-06-17T04:22:21.999Z"}
{"level":"info","message":"Listening on port 9800","timestamp":"2015-06-17T04:22:22.008Z"}
{"level":"error","timestamp":"2015-06-17T04:22:22.268Z"}
{"level":"warn","message":"term.on:createdResponse: Cant create the term: Entreterimento","timestamp":"2015-06-17T04:22:22.386Z"}
{"level":"error","timestamp":"2015-06-17T04:22:22.403Z"}
{"level":"info","message":"2 plugins loaded: we-core,project","timestamp":"2015-06-17T04:22:35.871Z"}
{"controller":"activity","action":"find","model":"activity","permission":"find_activity","path":"get /activity","pluginPath":"/home/a/projetos/libs/3_we/we-core","level":"warn","message":"we.router.bindRoute: Unknow controller or action: /activity","timestamp":"2015-06-17T04:22:36.645Z"}
{"controller":"activity","action":"findOne","model":"activity","permission":"find_activity","path":"get /activity/:id([0-9]+)","pluginPath":"/home/a/projetos/libs/3_we/we-core","level":"warn","message":"we.router.bindRoute: Unknow controller or action: /activity/:id([0-9]+)","timestamp":"2015-06-17T04:22:36.645Z"}
{"controller":"activity","action":"findGroupActivity","model":"activity","responseType":"json","permission":"find_activity","path":"get /group/:groupId([0-9]+)/activity","pluginPath":"/home/a/projetos/libs/3_we/we-core","level":"warn","message":"we.router.bindRoute: Unknow controller or action: /group/:groupId([0-9]+)/activity","timestamp":"2015-06-17T04:22:36.646Z"}
{"controller":"avatar","action":"changeAvatar","model":"user","loadRecord":true,"permission":"update_user","path":"post /api/v1/user/:id([0-9]+)/avatar","pluginPath":"/home/a/projetos/libs/3_we/we-core","level":"warn","message":"we.router.bindRoute: Unknow controller or action: /api/v1/user/:id([0-9]+)/avatar","timestamp":"2015-06-17T04:22:36.648Z"}
{"controller":"avatar","action":"getAvatar","permission":"find_user","path":"get /avatar/:id([0-9]+)","pluginPath":"/home/a/projetos/libs/3_we/we-core","level":"warn","message":"we.router.bindRoute: Unknow controller or action: /avatar/:id([0-9]+)","timestamp":"2015-06-17T04:22:36.649Z"}
{"level":"info","message":"Listening on port 9800","timestamp":"2015-06-17T04:22:36.659Z"}
{"level":"error","timestamp":"2015-06-17T04:22:36.882Z"}
{"level":"warn","message":"term.on:createdResponse: Cant create the term: Entreterimento","timestamp":"2015-06-17T04:22:37.007Z"}
{"level":"error","timestamp":"2015-06-17T04:22:37.028Z"}
{"level":"info","message":"2 plugins loaded: we-core,project","timestamp":"2015-06-17T04:23:15.109Z"}
{"controller":"activity","action":"find","model":"activity","permission":"find_activity","path":"get /activity","pluginPath":"/home/a/projetos/libs/3_we/we-core","level":"warn","message":"we.router.bindRoute: Unknow controller or action: /activity","timestamp":"2015-06-17T04:23:15.860Z"}
{"controller":"activity","action":"findOne","model":"activity","permission":"find_activity","path":"get /activity/:id([0-9]+)","pluginPath":"/home/a/projetos/libs/3_we/we-core","level":"warn","message":"we.router.bindRoute: Unknow controller or action: /activity/:id([0-9]+)","timestamp":"2015-06-17T04:23:15.860Z"}
{"controller":"activity","action":"findGroupActivity","model":"activity","responseType":"json","permission":"find_activity","path":"get /group/:groupId([0-9]+)/activity","pluginPath":"/home/a/projetos/libs/3_we/we-core","level":"warn","message":"we.router.bindRoute: Unknow controller or action: /group/:groupId([0-9]+)/activity","timestamp":"2015-06-17T04:23:15.861Z"}
{"controller":"avatar","action":"changeAvatar","model":"user","loadRecord":true,"permission":"update_user","path":"post /api/v1/user/:id([0-9]+)/avatar","pluginPath":"/home/a/projetos/libs/3_we/we-core","level":"warn","message":"we.router.bindRoute: Unknow controller or action: /api/v1/user/:id([0-9]+)/avatar","timestamp":"2015-06-17T04:23:15.863Z"}
{"controller":"avatar","action":"getAvatar","permission":"find_user","path":"get /avatar/:id([0-9]+)","pluginPath":"/home/a/projetos/libs/3_we/we-core","level":"warn","message":"we.router.bindRoute: Unknow controller or action: /avatar/:id([0-9]+)","timestamp":"2015-06-17T04:23:15.864Z"}
{"level":"info","message":"Listening on port 9800","timestamp":"2015-06-17T04:23:15.873Z"}
{"level":"error","timestamp":"2015-06-17T04:23:16.093Z"}
{"level":"warn","message":"term.on:createdResponse: Cant create the term: Entreterimento","timestamp":"2015-06-17T04:23:16.214Z"}
{"level":"error","timestamp":"2015-06-17T04:23:16.230Z"}
{"level":"info","message":"2 plugins loaded: we-core,project","timestamp":"2015-06-17T04:23:50.393Z"}
{"controller":"activity","action":"find","model":"activity","permission":"find_activity","path":"get /activity","pluginPath":"/home/a/projetos/libs/3_we/we-core","level":"warn","message":"we.router.bindRoute: Unknow controller or action: /activity","timestamp":"2015-06-17T04:23:51.162Z"}
{"controller":"activity","action":"findOne","model":"activity","permission":"find_activity","path":"get /activity/:id([0-9]+)","pluginPath":"/home/a/projetos/libs/3_we/we-core","level":"warn","message":"we.router.bindRoute: Unknow controller or action: /activity/:id([0-9]+)","timestamp":"2015-06-17T04:23:51.163Z"}
{"controller":"activity","action":"findGroupActivity","model":"activity","responseType":"json","permission":"find_activity","path":"get /group/:groupId([0-9]+)/activity","pluginPath":"/home/a/projetos/libs/3_we/we-core","level":"warn","message":"we.router.bindRoute: Unknow controller or action: /group/:groupId([0-9]+)/activity","timestamp":"2015-06-17T04:23:51.163Z"}
{"controller":"avatar","action":"changeAvatar","model":"user","loadRecord":true,"permission":"update_user","path":"post /api/v1/user/:id([0-9]+)/avatar","pluginPath":"/home/a/projetos/libs/3_we/we-core","level":"warn","message":"we.router.bindRoute: Unknow controller or action: /api/v1/user/:id([0-9]+)/avatar","timestamp":"2015-06-17T04:23:51.166Z"}
{"controller":"avatar","action":"getAvatar","permission":"find_user","path":"get /avatar/:id([0-9]+)","pluginPath":"/home/a/projetos/libs/3_we/we-core","level":"warn","message":"we.router.bindRoute: Unknow controller or action: /avatar/:id([0-9]+)","timestamp":"2015-06-17T04:23:51.167Z"}
{"level":"info","message":"Listening on port 9800","timestamp":"2015-06-17T04:23:51.176Z"}
{"level":"error","timestamp":"2015-06-17T04:23:51.352Z"}
{"level":"warn","message":"term.on:createdResponse: Cant create the term: Entreterimento","timestamp":"2015-06-17T04:23:51.475Z"}
{"level":"error","timestamp":"2015-06-17T04:23:51.497Z"}
{"level":"info","message":"2 plugins loaded: we-core,project","timestamp":"2015-06-17T04:24:45.301Z"}
{"controller":"activity","action":"find","model":"activity","permission":"find_activity","path":"get /activity","pluginPath":"/home/a/projetos/libs/3_we/we-core","level":"warn","message":"we.router.bindRoute: Unknow controller or action: /activity","timestamp":"2015-06-17T04:24:46.070Z"}
{"controller":"activity","action":"findOne","model":"activity","permission":"find_activity","path":"get /activity/:id([0-9]+)","pluginPath":"/home/a/projetos/libs/3_we/we-core","level":"warn","message":"we.router.bindRoute: Unknow controller or action: /activity/:id([0-9]+)","timestamp":"2015-06-17T04:24:46.071Z"}
{"controller":"activity","action":"findGroupActivity","model":"activity","responseType":"json","permission":"find_activity","path":"get /group/:groupId([0-9]+)/activity","pluginPath":"/home/a/projetos/libs/3_we/we-core","level":"warn","message":"we.router.bindRoute: Unknow controller or action: /group/:groupId([0-9]+)/activity","timestamp":"2015-06-17T04:24:46.071Z"}
{"controller":"avatar","action":"changeAvatar","model":"user","loadRecord":true,"permission":"update_user","path":"post /api/v1/user/:id([0-9]+)/avatar","pluginPath":"/home/a/projetos/libs/3_we/we-core","level":"warn","message":"we.router.bindRoute: Unknow controller or action: /api/v1/user/:id([0-9]+)/avatar","timestamp":"2015-06-17T04:24:46.074Z"}
{"controller":"avatar","action":"getAvatar","permission":"find_user","path":"get /avatar/:id([0-9]+)","pluginPath":"/home/a/projetos/libs/3_we/we-core","level":"warn","message":"we.router.bindRoute: Unknow controller or action: /avatar/:id([0-9]+)","timestamp":"2015-06-17T04:24:46.075Z"}
{"level":"info","message":"Listening on port 9800","timestamp":"2015-06-17T04:24:46.084Z"}
{"level":"warn","message":"term.on:createdResponse: Cant create the term: Entreterimento","timestamp":"2015-06-17T04:24:46.438Z"}
{"level":"info","message":"2 plugins loaded: we-core,project","timestamp":"2015-06-17T04:25:23.454Z"}
{"controller":"activity","action":"find","model":"activity","permission":"find_activity","path":"get /activity","pluginPath":"/home/a/projetos/libs/3_we/we-core","level":"warn","message":"we.router.bindRoute: Unknow controller or action: /activity","timestamp":"2015-06-17T04:25:24.222Z"}
{"controller":"activity","action":"findOne","model":"activity","permission":"find_activity","path":"get /activity/:id([0-9]+)","pluginPath":"/home/a/projetos/libs/3_we/we-core","level":"warn","message":"we.router.bindRoute: Unknow controller or action: /activity/:id([0-9]+)","timestamp":"2015-06-17T04:25:24.223Z"}
{"controller":"activity","action":"findGroupActivity","model":"activity","responseType":"json","permission":"find_activity","path":"get /group/:groupId([0-9]+)/activity","pluginPath":"/home/a/projetos/libs/3_we/we-core","level":"warn","message":"we.router.bindRoute: Unknow controller or action: /group/:groupId([0-9]+)/activity","timestamp":"2015-06-17T04:25:24.223Z"}
{"controller":"avatar","action":"changeAvatar","model":"user","loadRecord":true,"permission":"update_user","path":"post /api/v1/user/:id([0-9]+)/avatar","pluginPath":"/home/a/projetos/libs/3_we/we-core","level":"warn","message":"we.router.bindRoute: Unknow controller or action: /api/v1/user/:id([0-9]+)/avatar","timestamp":"2015-06-17T04:25:24.230Z"}
{"controller":"avatar","action":"getAvatar","permission":"find_user","path":"get /avatar/:id([0-9]+)","pluginPath":"/home/a/projetos/libs/3_we/we-core","level":"warn","message":"we.router.bindRoute: Unknow controller or action: /avatar/:id([0-9]+)","timestamp":"2015-06-17T04:25:24.232Z"}
{"level":"info","message":"Listening on port 9800","timestamp":"2015-06-17T04:25:24.242Z"}
{"level":"warn","message":"term.on:createdResponse: Cant create the term: Entreterimento","timestamp":"2015-06-17T04:25:24.589Z"}
{"level":"info","message":"2 plugins loaded: we-core,project","timestamp":"2015-06-17T05:40:09.635Z"}
{"level":"info","message":"2 plugins loaded: we-core,project","timestamp":"2015-06-17T05:40:23.989Z"}
{"level":"info","message":"Listening on port 9800","timestamp":"2015-06-17T05:40:24.734Z"}
{"level":"info","message":"2 plugins loaded: we-core,project","timestamp":"2015-06-17T06:36:54.797Z"}
{"level":"info","message":"Listening on port 9800","timestamp":"2015-06-17T06:36:55.502Z"}
{"level":"info","message":"4 plugins loaded: we-plugin-page,we-plugin-file,we-core,project","timestamp":"2015-06-17T06:38:15.191Z"}
{"level":"info","message":"Creating the image upload directory: /home/a/projetos/plugins/we-plugin-vocabulary/files/uploads/images/mini","timestamp":"2015-06-17T06:38:16.003Z"}
{"level":"info","message":"Creating the image upload directory: /home/a/projetos/plugins/we-plugin-vocabulary/files/uploads/images/medium","timestamp":"2015-06-17T06:38:16.003Z"}
{"level":"info","message":"Creating the image upload directory: /home/a/projetos/plugins/we-plugin-vocabulary/files/uploads/images/thumbnail","timestamp":"2015-06-17T06:38:16.004Z"}
{"level":"info","message":"Creating the image upload directory: /home/a/projetos/plugins/we-plugin-vocabulary/files/uploads/images/large","timestamp":"2015-06-17T06:38:16.004Z"}
{"level":"info","message":"Listening on port 9800","timestamp":"2015-06-17T06:38:16.033Z"}
{"level":"warn","message":"term.on:createdResponse: Cant create the term: Entreterimento","timestamp":"2015-06-17T06:38:16.362Z"}
{"level":"info","message":"4 plugins loaded: we-plugin-page,we-plugin-file,we-core,project","timestamp":"2015-06-17T06:39:34.164Z"}
{"level":"info","message":"Listening on port 9800","timestamp":"2015-06-17T06:39:34.966Z"}
{"level":"warn","message":"term.on:createdResponse: Cant create the term: Entreterimento","timestamp":"2015-06-17T06:39:35.347Z"}
